\BOOKMARK [1][-]{section.1}{実験0}{}% 1
\BOOKMARK [2][-]{subsection.1.1}{手法}{section.1}% 2
\BOOKMARK [2][-]{subsection.1.2}{結果}{section.1}% 3
\BOOKMARK [1][-]{section.2}{実験1}{}% 4
\BOOKMARK [2][-]{subsection.2.1}{原理}{section.2}% 5
\BOOKMARK [2][-]{subsection.2.2}{手法}{section.2}% 6
\BOOKMARK [2][-]{subsection.2.3}{結果}{section.2}% 7
\BOOKMARK [2][-]{subsection.2.4}{考察}{section.2}% 8
\BOOKMARK [1][-]{section.3}{実験2}{}% 9
\BOOKMARK [2][-]{subsection.3.1}{原理}{section.3}% 10
\BOOKMARK [2][-]{subsection.3.2}{手法}{section.3}% 11
\BOOKMARK [2][-]{subsection.3.3}{結果}{section.3}% 12
\BOOKMARK [2][-]{subsection.3.4}{考察}{section.3}% 13
\BOOKMARK [1][-]{section.4}{実験3}{}% 14
\BOOKMARK [2][-]{subsection.4.1}{手法}{section.4}% 15
\BOOKMARK [2][-]{subsection.4.2}{結果}{section.4}% 16
\BOOKMARK [2][-]{subsection.4.3}{考察}{section.4}% 17
\BOOKMARK [1][-]{section.5}{実験4}{}% 18
\BOOKMARK [2][-]{subsection.5.1}{手法}{section.5}% 19
\BOOKMARK [2][-]{subsection.5.2}{結果}{section.5}% 20
\BOOKMARK [2][-]{subsection.5.3}{考察}{section.5}% 21
\BOOKMARK [1][-]{section.6}{実験5}{}% 22
\BOOKMARK [2][-]{subsection.6.1}{手法}{section.6}% 23
\BOOKMARK [2][-]{subsection.6.2}{結果}{section.6}% 24
\BOOKMARK [2][-]{subsection.6.3}{考察}{section.6}% 25
\BOOKMARK [1][-]{section.7}{実験6}{}% 26
\BOOKMARK [2][-]{subsection.7.1}{原理}{section.7}% 27
\BOOKMARK [2][-]{subsection.7.2}{手法}{section.7}% 28
\BOOKMARK [2][-]{subsection.7.3}{結果}{section.7}% 29
\BOOKMARK [2][-]{subsection.7.4}{考察}{section.7}% 30
\BOOKMARK [1][-]{section.8}{実験7}{}% 31
\BOOKMARK [2][-]{subsection.8.1}{原理}{section.8}% 32
\BOOKMARK [2][-]{subsection.8.2}{手法}{section.8}% 33
\BOOKMARK [2][-]{subsection.8.3}{結果}{section.8}% 34
\BOOKMARK [2][-]{subsection.8.4}{考察}{section.8}% 35
\BOOKMARK [1][-]{section.9}{実験の感想}{}% 36
